<Class>
    <Id>429</Id>
    <Package>edu.ncsu.csc.itrust.unit.testutils</Package>
    <ClassName>JUnitiTrustUtils</ClassName>
    <SuperClass>iTrustSeleniumTest</SuperClass>
    <SuperInterfaceList>
        <SuperInterface></SuperInterface>
    </SuperInterfaceList>
    <FieldList/>
    <MethodList>
        <Method>
            <MethodName>assertTransactionOnly</MethodName>
            <ReturnType>void</ReturnType>
            <ParameterList>
                <ParameterType>TransactionType</ParameterType>
                <ParameterType>long</ParameterType>
                <ParameterType>long</ParameterType>
                <ParameterType>String</ParameterType>
            </ParameterList>
            <ThrowExceptionList>
                <ExceptionType>DBException</ExceptionType>
            </ThrowExceptionList>
        </Method>
        <Method>
            <MethodName>assertLogged</MethodName>
            <ReturnType>void</ReturnType>
            <ParameterList>
                <ParameterType>TransactionType</ParameterType>
                <ParameterType>long</ParameterType>
                <ParameterType>long</ParameterType>
                <ParameterType>String</ParameterType>
            </ParameterList>
            <ThrowExceptionList>
                <ExceptionType>DBException</ExceptionType>
            </ThrowExceptionList>
        </Method>
        <Method>
            <MethodName>assertTransactionsNone</MethodName>
            <ReturnType>void</ReturnType>
            <ParameterList>
                <ParameterType></ParameterType>
            </ParameterList>
            <ThrowExceptionList>
                <ExceptionType>DBException</ExceptionType>
            </ThrowExceptionList>
        </Method>
        <Method>
            <MethodName>assertTransaction</MethodName>
            <ReturnType>void</ReturnType>
            <ParameterList>
                <ParameterType>TransactionType</ParameterType>
                <ParameterType>long</ParameterType>
                <ParameterType>long</ParameterType>
                <ParameterType>String</ParameterType>
                <ParameterType>TransactionBean</ParameterType>
            </ParameterList>
            <ThrowExceptionList>
                <ExceptionType></ExceptionType>
            </ThrowExceptionList>
        </Method>
        <Method>
            <MethodName>testNull</MethodName>
            <ReturnType>void</ReturnType>
            <ParameterList>
                <ParameterType></ParameterType>
            </ParameterList>
            <ThrowExceptionList>
                <ExceptionType></ExceptionType>
            </ThrowExceptionList>
        </Method>
    </MethodList>
</Class>