<RelationList>
    <RelationPair>
        <Class1>JUnitiTrustUtils</Class1>
        <Class2>TransactionType</Class2>
        <RelationType>parameter</RelationType>
    </RelationPair>
    <RelationPair>
        <Class1>JUnitiTrustUtils</Class1>
        <Class2>long</Class2>
        <RelationType>parameter</RelationType>
    </RelationPair>
    <RelationPair>
        <Class1>JUnitiTrustUtils</Class1>
        <Class2>long</Class2>
        <RelationType>parameter</RelationType>
    </RelationPair>
    <RelationPair>
        <Class1>JUnitiTrustUtils</Class1>
        <Class2>String</Class2>
        <RelationType>parameter</RelationType>
    </RelationPair>
    <RelationPair>
        <Class1>JUnitiTrustUtils</Class1>
        <Class2>TransactionType</Class2>
        <RelationType>parameter</RelationType>
    </RelationPair>
    <RelationPair>
        <Class1>JUnitiTrustUtils</Class1>
        <Class2>long</Class2>
        <RelationType>parameter</RelationType>
    </RelationPair>
    <RelationPair>
        <Class1>JUnitiTrustUtils</Class1>
        <Class2>long</Class2>
        <RelationType>parameter</RelationType>
    </RelationPair>
    <RelationPair>
        <Class1>JUnitiTrustUtils</Class1>
        <Class2>String</Class2>
        <RelationType>parameter</RelationType>
    </RelationPair>
    <RelationPair>
        <Class1>JUnitiTrustUtils</Class1>
        <Class2>TransactionType</Class2>
        <RelationType>parameter</RelationType>
    </RelationPair>
    <RelationPair>
        <Class1>JUnitiTrustUtils</Class1>
        <Class2>long</Class2>
        <RelationType>parameter</RelationType>
    </RelationPair>
    <RelationPair>
        <Class1>JUnitiTrustUtils</Class1>
        <Class2>long</Class2>
        <RelationType>parameter</RelationType>
    </RelationPair>
    <RelationPair>
        <Class1>JUnitiTrustUtils</Class1>
        <Class2>String</Class2>
        <RelationType>parameter</RelationType>
    </RelationPair>
    <RelationPair>
        <Class1>JUnitiTrustUtils</Class1>
        <Class2>TransactionBean</Class2>
        <RelationType>parameter</RelationType>
    </RelationPair>
</RelationList>